<?xml version="1.0" encoding="UTF-8"?>
<!-- Generated by org.testng.reporters.JUnitReportReporter -->
<testsuite skipped="0" hostname="DESKTOP-LVPOUDD" name="MAVEN_PROJECT.MAVEN_PROJECT.Screen_shot_demo" tests="1" failures="0" timestamp="2020-01-30T16:15:09 EST" time="27.594" errors="0">
  <testcase name="screenshot" time="27.594" classname="MAVEN_PROJECT.MAVEN_PROJECT.Screen_shot_demo"/>
</testsuite> <!-- MAVEN_PROJECT.MAVEN_PROJECT.Screen_shot_demo -->
