<?xml version="1.0" encoding="UTF-8"?>
<!-- Generated by org.testng.reporters.JUnitReportReporter -->
<testsuite skipped="0" hostname="DESKTOP-LVPOUDD" name="pom.pages.Browserfactory" tests="1" failures="0" timestamp="2020-02-01T15:58:30 EST" time="9.493" errors="0">
  <testcase name="browser" time="9.493" classname="pom.pages.Browserfactory"/>
</testsuite> <!-- pom.pages.Browserfactory -->
