<?xml version="1.0" encoding="UTF-8"?>
<!-- Generated by org.testng.reporters.JUnitReportReporter -->
<testsuite skipped="0" hostname="DESKTOP-LVPOUDD" name="MAVEN_PROJECT.MAVEN_PROJECT.Ebaydemo" tests="1" failures="0" timestamp="2020-02-03T11:12:32 EST" time="13.695" errors="0">
  <testcase name="search" time="13.695" classname="MAVEN_PROJECT.MAVEN_PROJECT.Ebaydemo"/>
</testsuite> <!-- MAVEN_PROJECT.MAVEN_PROJECT.Ebaydemo -->
