<?xml version="1.0" encoding="UTF-8"?>
<!-- Generated by org.testng.reporters.JUnitReportReporter -->
<testsuite skipped="0" hostname="DESKTOP-LVPOUDD" name="pomtest.Prodlogintest" tests="1" failures="0" timestamp="2020-02-03T16:02:12 EST" time="54.509" errors="0">
  <testcase name="search" time="54.509" classname="pomtest.Prodlogintest"/>
  <system-out/>
</testsuite> <!-- pomtest.Prodlogintest -->
