<?xml version="1.0" encoding="UTF-8"?>
<!-- Generated by org.testng.reporters.JUnitReportReporter -->
<testsuite skipped="0" hostname="DESKTOP-LVPOUDD" name="pomtest.prodlogincatgsearch" tests="1" failures="0" timestamp="2020-02-03T15:27:19 EST" time="97.441" errors="0">
  <testcase name="searchcatg" time="97.441" classname="pomtest.prodlogincatgsearch"/>
  <system-out>
product login category search test successful  </system-out>
</testsuite> <!-- pomtest.prodlogincatgsearch -->
