<?xml version="1.0" encoding="UTF-8"?>
<!-- Generated by org.testng.reporters.JUnitReportReporter -->
<testsuite skipped="0" hostname="DESKTOP-LVPOUDD" name="MAVEN_PROJECT.MAVEN_PROJECT.Excelfileshhetdemo" tests="1" failures="0" timestamp="2020-01-30T14:39:19 EST" time="0.887" errors="0">
  <testcase name="excel" time="0.887" classname="MAVEN_PROJECT.MAVEN_PROJECT.Excelfileshhetdemo"/>
</testsuite> <!-- MAVEN_PROJECT.MAVEN_PROJECT.Excelfileshhetdemo -->
