<?xml version="1.0" encoding="UTF-8"?>
<!-- Generated by org.testng.reporters.JUnitReportReporter -->
<testsuite skipped="0" hostname="DESKTOP-LVPOUDD" name="MAVEN_PROJECT.MAVEN_PROJECT.Screnshot_ex" tests="1" failures="0" timestamp="2020-02-18T16:12:59 EST" time="10.153" errors="0">
  <testcase name="screnshot" time="10.153" classname="MAVEN_PROJECT.MAVEN_PROJECT.Screnshot_ex"/>
  <system-out/>
</testsuite> <!-- MAVEN_PROJECT.MAVEN_PROJECT.Screnshot_ex -->
