<?xml version="1.0" encoding="UTF-8"?>
<!-- Generated by org.testng.reporters.JUnitReportReporter -->
<testsuite skipped="0" hostname="DESKTOP-LVPOUDD" name="datadriventestframeworksdemos.Datadriventestdemo" tests="1" failures="0" timestamp="2020-02-05T15:41:07 EST" time="21.299" errors="0">
  <testcase name="dataprovider" time="21.299" classname="datadriventestframeworksdemos.Datadriventestdemo"/>
  <system-out/>
</testsuite> <!-- datadriventestframeworksdemos.Datadriventestdemo -->
